Traceback (most recent call last):
  File "/usr/share/miniconda/envs/CrocoDash/lib/python3.11/site-packages/jupyter_core/utils/__init__.py", line 154, in wrapped
    asyncio.get_running_loop()
RuntimeError: no running event loop

During handling of the above exception, another exception occurred:

Traceback (most recent call last):
  File "/usr/share/miniconda/envs/CrocoDash/lib/python3.11/site-packages/jupyter_cache/executors/utils.py", line 58, in single_nb_execution
    executenb(
  File "/usr/share/miniconda/envs/CrocoDash/lib/python3.11/site-packages/nbclient/client.py", line 1319, in execute
    return NotebookClient(nb=nb, resources=resources, km=km, **kwargs).execute()
           ^^^^^^^^^^^^^^^^^^^^^^^^^^^^^^^^^^^^^^^^^^^^^^^^^^^^^^^^^^^^^^^^^^^^^
  File "/usr/share/miniconda/envs/CrocoDash/lib/python3.11/site-packages/jupyter_core/utils/__init__.py", line 158, in wrapped
    return loop.run_until_complete(inner)
           ^^^^^^^^^^^^^^^^^^^^^^^^^^^^^^
  File "/usr/share/miniconda/envs/CrocoDash/lib/python3.11/asyncio/base_events.py", line 654, in run_until_complete
    return future.result()
           ^^^^^^^^^^^^^^^
  File "/usr/share/miniconda/envs/CrocoDash/lib/python3.11/site-packages/nbclient/client.py", line 709, in async_execute
    await self.async_execute_cell(
  File "/usr/share/miniconda/envs/CrocoDash/lib/python3.11/site-packages/nbclient/client.py", line 1062, in async_execute_cell
    await self._check_raise_for_error(cell, cell_index, exec_reply)
  File "/usr/share/miniconda/envs/CrocoDash/lib/python3.11/site-packages/nbclient/client.py", line 918, in _check_raise_for_error
    raise CellExecutionError.from_cell_and_msg(cell, exec_reply_content)
nbclient.exceptions.CellExecutionError: An error occurred while executing the following cell:
------------------
from crococamp.workflows import WorkflowModelObs

# Create and run workflow to interpolate MOM6 model onto World Ocean Database obs space
workflow_WOD13 = WorkflowModelObs.from_config_file(
    'config_tutorial_1.yaml', 
    obs_seq_in_folder = '/glade/campaign/cgd/oce/projects/CROCODILE/workshops/2025/CrocoCamp/tutorial_3/in_WOD13/',
    output_folder='$WORK/crocodile_2025/CrocoCamp/tutorial_3/out_obs_seq_in/',
    input_nml_bck='$WORK/crocodile_2025/CrocoCamp/tutorial_3/input_bckp/',
    trimmed_obs_folder='$WORK/crocodile_2025/CrocoCamp/tutorial_3/out_trimmed_obs_seq_in/',
    parquet_folder='$WORK/crocodile_2025/CrocoCamp/tutorial_3/out_parquet/',
    tmp_folder='$WORK/crocodile_2025/CrocoCamp/tutorial_3/tmp/'
)
workflow_WOD13.run(clear_output=True) #use flag clear_output=True if you want to re-run it and automatically clean all previous output
------------------


[0;31m---------------------------------------------------------------------------[0m
[0;31mModuleNotFoundError[0m                       Traceback (most recent call last)
Input [0;32mIn [1][0m, in [0;36m<cell line: 0>[0;34m()[0m
[0;32m----> 1[0m [38;5;28;01mfrom[39;00m[38;5;250m [39m[38;5;21;01mcrococamp[39;00m[38;5;21;01m.[39;00m[38;5;21;01mworkflows[39;00m[38;5;250m [39m[38;5;28;01mimport[39;00m WorkflowModelObs
[1;32m      3[0m [38;5;66;03m# Create and run workflow to interpolate MOM6 model onto World Ocean Database obs space[39;00m
[1;32m      4[0m workflow_WOD13 [38;5;241m=[39m WorkflowModelObs[38;5;241m.[39mfrom_config_file(
[1;32m      5[0m     [38;5;124m'[39m[38;5;124mconfig_tutorial_1.yaml[39m[38;5;124m'[39m, 
[1;32m      6[0m     obs_seq_in_folder [38;5;241m=[39m [38;5;124m'[39m[38;5;124m/glade/campaign/cgd/oce/projects/CROCODILE/workshops/2025/CrocoCamp/tutorial_3/in_WOD13/[39m[38;5;124m'[39m,
[0;32m   (...)[0m
[1;32m     11[0m     tmp_folder[38;5;241m=[39m[38;5;124m'[39m[38;5;124m$WORK/crocodile_2025/CrocoCamp/tutorial_3/tmp/[39m[38;5;124m'[39m
[1;32m     12[0m )

[0;31mModuleNotFoundError[0m: No module named 'crococamp'

